<?xml version="1.0" encoding="UTF-8"?>
<testng-results ignored="0" total="1" passed="1" failed="0" skipped="0">
  <reporter-output>
  </reporter-output>
  <suite started-at="2025-06-10T14:46:37 IST" name="MySuite" finished-at="2025-06-10T14:46:49 IST" duration-ms="11163">
    <groups>
    </groups>
    <test started-at="2025-06-10T14:46:37 IST" name="Test" finished-at="2025-06-10T14:46:49 IST" duration-ms="11163">
      <class name="com.demo.tests.LoginTest">
        <test-method is-config="true" signature="setUp()[pri:0, instance:com.demo.tests.LoginTest@7fc4780b]" started-at="2025-06-10T14:46:38 IST" name="setUp" finished-at="2025-06-10T14:46:46 IST" duration-ms="8297" status="PASS">
          <reporter-output>
          </reporter-output>
        </test-method> <!-- setUp -->
        <test-method signature="validLoginTest()[pri:0, instance:com.demo.tests.LoginTest@7fc4780b]" started-at="2025-06-10T14:46:46 IST" name="validLoginTest" finished-at="2025-06-10T14:46:48 IST" duration-ms="1912" status="PASS">
          <reporter-output>
          </reporter-output>
        </test-method> <!-- validLoginTest -->
        <test-method is-config="true" signature="tearDown()[pri:0, instance:com.demo.tests.LoginTest@7fc4780b]" started-at="2025-06-10T14:46:48 IST" name="tearDown" finished-at="2025-06-10T14:46:49 IST" duration-ms="584" status="PASS">
          <reporter-output>
          </reporter-output>
        </test-method> <!-- tearDown -->
      </class> <!-- com.demo.tests.LoginTest -->
    </test> <!-- Test -->
  </suite> <!-- MySuite -->
</testng-results>
