<?xml version="1.0" encoding="UTF-8"?>
<testng-results ignored="0" total="1" passed="1" failed="0" skipped="0">
  <reporter-output>
  </reporter-output>
  <suite started-at="2025-05-27T18:27:00 IST" name="Default suite" finished-at="2025-05-27T18:27:14 IST" duration-ms="14761">
    <groups>
    </groups>
    <test started-at="2025-05-27T18:27:00 IST" name="Default test" finished-at="2025-05-27T18:27:14 IST" duration-ms="14761">
      <class name="com.demo.tests.LoginTest">
        <test-method is-config="true" signature="setUp()[pri:0, instance:com.demo.tests.LoginTest@7ce026d3]" started-at="2025-05-27T18:27:00 IST" name="setUp" finished-at="2025-05-27T18:27:11 IST" duration-ms="11664" status="PASS">
          <reporter-output>
          </reporter-output>
        </test-method> <!-- setUp -->
        <test-method signature="validLoginTest()[pri:0, instance:com.demo.tests.LoginTest@7ce026d3]" started-at="2025-05-27T18:27:11 IST" name="validLoginTest" finished-at="2025-05-27T18:27:13 IST" duration-ms="2078" status="PASS">
          <reporter-output>
          </reporter-output>
        </test-method> <!-- validLoginTest -->
        <test-method is-config="true" signature="tearDown()[pri:0, instance:com.demo.tests.LoginTest@7ce026d3]" started-at="2025-05-27T18:27:13 IST" name="tearDown" finished-at="2025-05-27T18:27:14 IST" duration-ms="861" status="PASS">
          <reporter-output>
          </reporter-output>
        </test-method> <!-- tearDown -->
      </class> <!-- com.demo.tests.LoginTest -->
    </test> <!-- Default test -->
  </suite> <!-- Default suite -->
</testng-results>
