<?xml version="1.0" encoding="UTF-8"?>
<testng-results ignored="0" total="1" passed="1" failed="0" skipped="0">
  <reporter-output>
  </reporter-output>
  <suite started-at="2025-06-10T14:06:20 IST" name="Default suite" finished-at="2025-06-10T14:06:33 IST" duration-ms="13150">
    <groups>
    </groups>
    <test started-at="2025-06-10T14:06:20 IST" name="Default test" finished-at="2025-06-10T14:06:33 IST" duration-ms="13150">
      <class name="com.demo.tests.LoginTest">
        <test-method is-config="true" signature="setUp()[pri:0, instance:com.demo.tests.LoginTest@60975100]" started-at="2025-06-10T14:06:20 IST" name="setUp" finished-at="2025-06-10T14:06:30 IST" duration-ms="9438" status="PASS">
          <reporter-output>
          </reporter-output>
        </test-method> <!-- setUp -->
        <test-method signature="validLoginTest()[pri:0, instance:com.demo.tests.LoginTest@60975100]" started-at="2025-06-10T14:06:30 IST" name="validLoginTest" finished-at="2025-06-10T14:06:31 IST" duration-ms="1921" status="PASS">
          <reporter-output>
          </reporter-output>
        </test-method> <!-- validLoginTest -->
        <test-method is-config="true" signature="tearDown()[pri:0, instance:com.demo.tests.LoginTest@60975100]" started-at="2025-06-10T14:06:32 IST" name="tearDown" finished-at="2025-06-10T14:06:33 IST" duration-ms="1399" status="PASS">
          <reporter-output>
          </reporter-output>
        </test-method> <!-- tearDown -->
      </class> <!-- com.demo.tests.LoginTest -->
    </test> <!-- Default test -->
  </suite> <!-- Default suite -->
</testng-results>
